# JRE version: OpenJDK Runtime Environment (11.0.8+10) (build 11.0.8+10-post-Ubuntu-0ubuntu118.04.1)
# Java VM: OpenJDK 64-Bit Server VM (11.0.8+10-post-Ubuntu-0ubuntu118.04.1, mixed mode, sharing, tiered, compressed oops, serial gc, linux-amd64)
Heap:
 def new generation   total 2432K, used 1938K [0x00000000f8000000, 0x00000000f82a0000, 0x00000000faaa0000)
  eden space 2176K,  87% used [0x00000000f8000000, 0x00000000f81d9a40, 0x00000000f8220000)
  from space 256K,  17% used [0x00000000f8260000, 0x00000000f826b060, 0x00000000f82a0000)
  to   space 256K,   0% used [0x00000000f8220000, 0x00000000f8220000, 0x00000000f8260000)
 tenured generation   total 5504K, used 5092K [0x00000000faaa0000, 0x00000000fb000000, 0x0000000100000000)
   the space 5504K,  92% used [0x00000000faaa0000, 0x00000000faf99328, 0x00000000faf99400, 0x00000000fb000000)
 Metaspace       used 9073K, capacity 9472K, committed 9600K, reserved 1058816K
  class space    used 908K, capacity 1092K, committed 1152K, reserved 1048576K
